<?xml version="1.0" encoding="UTF-8"?>
<!-- Generated by org.testng.reporters.JUnitReportReporter -->
<testsuite skipped="0" hostname="ICPL10171" name="com.learnAutomation.testcases.LoginPage" tests="1" failures="0" timestamp="02 Jul 2019 19:15:40 GMT" time="14.615" errors="0">
  <testcase name="loginApp" time="14.615" classname="com.learnAutomation.testcases.LoginPage"/>
</testsuite> <!-- com.learnAutomation.testcases.LoginPage -->
